<?xml version="1.0" encoding="UTF-8"?>
<testng-results ignored="0" total="1" passed="1" failed="0" skipped="0">
  <reporter-output>
  </reporter-output>
  <suite started-at="2021-12-19T18:17:53 IST" name="Default suite" finished-at="2021-12-19T18:35:46 IST" duration-ms="1073515">
    <groups>
    </groups>
    <test started-at="2021-12-19T18:17:53 IST" name="Default test" finished-at="2021-12-19T18:35:46 IST" duration-ms="1073515">
      <class name="post.reddit">
        <test-method signature="iterate()[pri:0, instance:post.reddit@865dd6]" started-at="2021-12-19T18:17:53 IST" name="iterate" finished-at="2021-12-19T18:35:46 IST" duration-ms="1073449" status="PASS">
          <reporter-output>
          </reporter-output>
        </test-method> <!-- iterate -->
      </class> <!-- post.reddit -->
    </test> <!-- Default test -->
  </suite> <!-- Default suite -->
</testng-results>
